gen 19, 2015 2:43:55 PM com.sun.jersey.server.impl.application.WebApplicationImpl _initiate
INFORMAZIONI: Initiating Jersey application, version 'Jersey: 1.9 09/02/2011 11:17 AM'
gen 19, 2015 2:43:56 PM com.sun.jersey.server.impl.application.WebApplicationImpl _initiate
INFORMAZIONI: Initiating Jersey application, version 'Jersey: 1.9 09/02/2011 11:17 AM'
gen 19, 2015 2:43:56 PM com.sun.jersey.server.impl.application.WebApplicationImpl _initiate
INFORMAZIONI: Initiating Jersey application, version 'Jersey: 1.9 09/02/2011 11:17 AM'
gen 19, 2015 2:50:08 PM com.sun.jersey.server.impl.application.WebApplicationImpl _initiate
INFORMAZIONI: Initiating Jersey application, version 'Jersey: 1.9 09/02/2011 11:17 AM'
gen 19, 2015 2:50:09 PM com.sun.jersey.server.impl.application.WebApplicationImpl _initiate
INFORMAZIONI: Initiating Jersey application, version 'Jersey: 1.9 09/02/2011 11:17 AM'
gen 19, 2015 2:50:09 PM com.sun.jersey.server.impl.application.WebApplicationImpl _initiate
INFORMAZIONI: Initiating Jersey application, version 'Jersey: 1.9 09/02/2011 11:17 AM'
gen 21, 2015 9:45:55 AM com.sun.jersey.server.impl.application.WebApplicationImpl _initiate
INFORMAZIONI: Initiating Jersey application, version 'Jersey: 1.9 09/02/2011 11:17 AM'
gen 21, 2015 9:45:55 AM com.sun.jersey.server.impl.application.WebApplicationImpl _initiate
INFORMAZIONI: Initiating Jersey application, version 'Jersey: 1.9 09/02/2011 11:17 AM'
gen 21, 2015 9:45:56 AM com.sun.jersey.server.impl.application.WebApplicationImpl _initiate
INFORMAZIONI: Initiating Jersey application, version 'Jersey: 1.9 09/02/2011 11:17 AM'
gen 21, 2015 1:38:51 PM com.sun.jersey.server.impl.application.WebApplicationImpl _initiate
INFORMAZIONI: Initiating Jersey application, version 'Jersey: 1.9 09/02/2011 11:17 AM'
gen 21, 2015 1:38:52 PM com.sun.jersey.server.impl.application.WebApplicationImpl _initiate
INFORMAZIONI: Initiating Jersey application, version 'Jersey: 1.9 09/02/2011 11:17 AM'
gen 21, 2015 1:38:52 PM com.sun.jersey.server.impl.application.WebApplicationImpl _initiate
INFORMAZIONI: Initiating Jersey application, version 'Jersey: 1.9 09/02/2011 11:17 AM'
gen 23, 2015 9:43:27 AM com.sun.jersey.server.impl.application.WebApplicationImpl _initiate
INFORMAZIONI: Initiating Jersey application, version 'Jersey: 1.9 09/02/2011 11:17 AM'
gen 23, 2015 9:43:27 AM com.sun.jersey.server.impl.application.WebApplicationImpl _initiate
INFORMAZIONI: Initiating Jersey application, version 'Jersey: 1.9 09/02/2011 11:17 AM'
gen 23, 2015 9:43:28 AM com.sun.jersey.server.impl.application.WebApplicationImpl _initiate
INFORMAZIONI: Initiating Jersey application, version 'Jersey: 1.9 09/02/2011 11:17 AM'
feb 02, 2015 12:45:34 PM com.sun.jersey.server.impl.application.WebApplicationImpl _initiate
INFORMAZIONI: Initiating Jersey application, version 'Jersey: 1.9 09/02/2011 11:17 AM'
feb 02, 2015 12:45:35 PM com.sun.jersey.server.impl.application.WebApplicationImpl _initiate
INFORMAZIONI: Initiating Jersey application, version 'Jersey: 1.9 09/02/2011 11:17 AM'
feb 02, 2015 12:45:35 PM com.sun.jersey.server.impl.application.WebApplicationImpl _initiate
INFORMAZIONI: Initiating Jersey application, version 'Jersey: 1.9 09/02/2011 11:17 AM'
feb 02, 2015 12:47:02 PM com.sun.jersey.server.impl.application.WebApplicationImpl _initiate
INFORMAZIONI: Initiating Jersey application, version 'Jersey: 1.9 09/02/2011 11:17 AM'
feb 02, 2015 12:47:03 PM com.sun.jersey.server.impl.application.WebApplicationImpl _initiate
INFORMAZIONI: Initiating Jersey application, version 'Jersey: 1.9 09/02/2011 11:17 AM'
feb 02, 2015 12:47:03 PM com.sun.jersey.server.impl.application.WebApplicationImpl _initiate
INFORMAZIONI: Initiating Jersey application, version 'Jersey: 1.9 09/02/2011 11:17 AM'
feb 03, 2015 10:05:59 AM com.sun.jersey.server.impl.application.WebApplicationImpl _initiate
INFORMAZIONI: Initiating Jersey application, version 'Jersey: 1.9 09/02/2011 11:17 AM'
feb 03, 2015 10:06:00 AM com.sun.jersey.server.impl.application.WebApplicationImpl _initiate
INFORMAZIONI: Initiating Jersey application, version 'Jersey: 1.9 09/02/2011 11:17 AM'
feb 03, 2015 10:06:00 AM com.sun.jersey.server.impl.application.WebApplicationImpl _initiate
INFORMAZIONI: Initiating Jersey application, version 'Jersey: 1.9 09/02/2011 11:17 AM'
feb 04, 2015 10:08:51 AM com.sun.jersey.server.impl.application.WebApplicationImpl _initiate
INFORMAZIONI: Initiating Jersey application, version 'Jersey: 1.9 09/02/2011 11:17 AM'
feb 04, 2015 10:08:51 AM com.sun.jersey.server.impl.application.WebApplicationImpl _initiate
INFORMAZIONI: Initiating Jersey application, version 'Jersey: 1.9 09/02/2011 11:17 AM'
feb 04, 2015 10:08:52 AM com.sun.jersey.server.impl.application.WebApplicationImpl _initiate
INFORMAZIONI: Initiating Jersey application, version 'Jersey: 1.9 09/02/2011 11:17 AM'
feb 04, 2015 10:09:50 AM com.sun.jersey.server.impl.application.WebApplicationImpl _initiate
INFORMAZIONI: Initiating Jersey application, version 'Jersey: 1.9 09/02/2011 11:17 AM'
feb 04, 2015 10:09:51 AM com.sun.jersey.server.impl.application.WebApplicationImpl _initiate
INFORMAZIONI: Initiating Jersey application, version 'Jersey: 1.9 09/02/2011 11:17 AM'
feb 04, 2015 10:09:51 AM com.sun.jersey.server.impl.application.WebApplicationImpl _initiate
INFORMAZIONI: Initiating Jersey application, version 'Jersey: 1.9 09/02/2011 11:17 AM'
feb 06, 2015 11:36:59 AM com.sun.jersey.server.impl.application.WebApplicationImpl _initiate
INFORMAZIONI: Initiating Jersey application, version 'Jersey: 1.9 09/02/2011 11:17 AM'
feb 06, 2015 11:37:00 AM com.sun.jersey.server.impl.application.WebApplicationImpl _initiate
INFORMAZIONI: Initiating Jersey application, version 'Jersey: 1.9 09/02/2011 11:17 AM'
feb 06, 2015 11:37:00 AM com.sun.jersey.server.impl.application.WebApplicationImpl _initiate
INFORMAZIONI: Initiating Jersey application, version 'Jersey: 1.9 09/02/2011 11:17 AM'
feb 09, 2015 9:49:11 AM com.sun.jersey.server.impl.application.WebApplicationImpl _initiate
INFORMAZIONI: Initiating Jersey application, version 'Jersey: 1.9 09/02/2011 11:17 AM'
feb 09, 2015 9:49:12 AM com.sun.jersey.server.impl.application.WebApplicationImpl _initiate
INFORMAZIONI: Initiating Jersey application, version 'Jersey: 1.9 09/02/2011 11:17 AM'
feb 09, 2015 9:49:12 AM com.sun.jersey.server.impl.application.WebApplicationImpl _initiate
INFORMAZIONI: Initiating Jersey application, version 'Jersey: 1.9 09/02/2011 11:17 AM'
feb 11, 2015 11:07:22 AM com.sun.jersey.server.impl.application.WebApplicationImpl _initiate
INFORMAZIONI: Initiating Jersey application, version 'Jersey: 1.9 09/02/2011 11:17 AM'
feb 11, 2015 11:07:22 AM com.sun.jersey.server.impl.application.WebApplicationImpl _initiate
INFORMAZIONI: Initiating Jersey application, version 'Jersey: 1.9 09/02/2011 11:17 AM'
feb 11, 2015 11:07:23 AM com.sun.jersey.server.impl.application.WebApplicationImpl _initiate
INFORMAZIONI: Initiating Jersey application, version 'Jersey: 1.9 09/02/2011 11:17 AM'
feb 13, 2015 9:39:40 AM com.sun.jersey.server.impl.application.WebApplicationImpl _initiate
INFORMAZIONI: Initiating Jersey application, version 'Jersey: 1.9 09/02/2011 11:17 AM'
feb 13, 2015 9:39:41 AM com.sun.jersey.server.impl.application.WebApplicationImpl _initiate
INFORMAZIONI: Initiating Jersey application, version 'Jersey: 1.9 09/02/2011 11:17 AM'
feb 13, 2015 9:39:41 AM com.sun.jersey.server.impl.application.WebApplicationImpl _initiate
INFORMAZIONI: Initiating Jersey application, version 'Jersey: 1.9 09/02/2011 11:17 AM'
feb 18, 2015 9:47:23 AM com.sun.jersey.server.impl.application.WebApplicationImpl _initiate
INFORMAZIONI: Initiating Jersey application, version 'Jersey: 1.9 09/02/2011 11:17 AM'
feb 18, 2015 9:47:23 AM com.sun.jersey.server.impl.application.WebApplicationImpl _initiate
INFORMAZIONI: Initiating Jersey application, version 'Jersey: 1.9 09/02/2011 11:17 AM'
feb 18, 2015 9:47:24 AM com.sun.jersey.server.impl.application.WebApplicationImpl _initiate
INFORMAZIONI: Initiating Jersey application, version 'Jersey: 1.9 09/02/2011 11:17 AM'
feb 19, 2015 9:59:21 AM com.sun.jersey.server.impl.application.WebApplicationImpl _initiate
INFORMAZIONI: Initiating Jersey application, version 'Jersey: 1.9 09/02/2011 11:17 AM'
feb 19, 2015 9:59:22 AM com.sun.jersey.server.impl.application.WebApplicationImpl _initiate
INFORMAZIONI: Initiating Jersey application, version 'Jersey: 1.9 09/02/2011 11:17 AM'
feb 19, 2015 9:59:22 AM com.sun.jersey.server.impl.application.WebApplicationImpl _initiate
INFORMAZIONI: Initiating Jersey application, version 'Jersey: 1.9 09/02/2011 11:17 AM'
feb 19, 2015 4:17:55 PM com.sun.jersey.server.impl.application.WebApplicationImpl _initiate
INFORMAZIONI: Initiating Jersey application, version 'Jersey: 1.9 09/02/2011 11:17 AM'
feb 19, 2015 4:17:56 PM com.sun.jersey.server.impl.application.WebApplicationImpl _initiate
INFORMAZIONI: Initiating Jersey application, version 'Jersey: 1.9 09/02/2011 11:17 AM'
feb 19, 2015 4:17:56 PM com.sun.jersey.server.impl.application.WebApplicationImpl _initiate
INFORMAZIONI: Initiating Jersey application, version 'Jersey: 1.9 09/02/2011 11:17 AM'
feb 20, 2015 9:47:15 AM com.sun.jersey.server.impl.application.WebApplicationImpl _initiate
INFORMAZIONI: Initiating Jersey application, version 'Jersey: 1.9 09/02/2011 11:17 AM'
feb 20, 2015 9:47:16 AM com.sun.jersey.server.impl.application.WebApplicationImpl _initiate
INFORMAZIONI: Initiating Jersey application, version 'Jersey: 1.9 09/02/2011 11:17 AM'
feb 20, 2015 9:47:16 AM com.sun.jersey.server.impl.application.WebApplicationImpl _initiate
INFORMAZIONI: Initiating Jersey application, version 'Jersey: 1.9 09/02/2011 11:17 AM'
feb 22, 2015 4:20:30 PM com.sun.jersey.server.impl.application.WebApplicationImpl _initiate
INFORMAZIONI: Initiating Jersey application, version 'Jersey: 1.9 09/02/2011 11:17 AM'
feb 22, 2015 4:20:31 PM com.sun.jersey.server.impl.application.WebApplicationImpl _initiate
INFORMAZIONI: Initiating Jersey application, version 'Jersey: 1.9 09/02/2011 11:17 AM'
feb 22, 2015 4:20:31 PM com.sun.jersey.server.impl.application.WebApplicationImpl _initiate
INFORMAZIONI: Initiating Jersey application, version 'Jersey: 1.9 09/02/2011 11:17 AM'
feb 23, 2015 9:41:18 AM com.sun.jersey.server.impl.application.WebApplicationImpl _initiate
INFORMAZIONI: Initiating Jersey application, version 'Jersey: 1.9 09/02/2011 11:17 AM'
feb 23, 2015 9:41:18 AM com.sun.jersey.server.impl.application.WebApplicationImpl _initiate
INFORMAZIONI: Initiating Jersey application, version 'Jersey: 1.9 09/02/2011 11:17 AM'
feb 23, 2015 9:41:18 AM com.sun.jersey.server.impl.application.WebApplicationImpl _initiate
INFORMAZIONI: Initiating Jersey application, version 'Jersey: 1.9 09/02/2011 11:17 AM'
feb 25, 2015 9:44:02 AM com.sun.jersey.server.impl.application.WebApplicationImpl _initiate
INFORMAZIONI: Initiating Jersey application, version 'Jersey: 1.9 09/02/2011 11:17 AM'
feb 25, 2015 9:44:02 AM com.sun.jersey.server.impl.application.WebApplicationImpl _initiate
INFORMAZIONI: Initiating Jersey application, version 'Jersey: 1.9 09/02/2011 11:17 AM'
feb 25, 2015 9:44:02 AM com.sun.jersey.server.impl.application.WebApplicationImpl _initiate
INFORMAZIONI: Initiating Jersey application, version 'Jersey: 1.9 09/02/2011 11:17 AM'
feb 25, 2015 4:46:05 PM com.sun.jersey.server.impl.application.WebApplicationImpl _initiate
INFORMAZIONI: Initiating Jersey application, version 'Jersey: 1.9 09/02/2011 11:17 AM'
feb 25, 2015 4:46:06 PM com.sun.jersey.server.impl.application.WebApplicationImpl _initiate
INFORMAZIONI: Initiating Jersey application, version 'Jersey: 1.9 09/02/2011 11:17 AM'
feb 25, 2015 4:46:06 PM com.sun.jersey.server.impl.application.WebApplicationImpl _initiate
INFORMAZIONI: Initiating Jersey application, version 'Jersey: 1.9 09/02/2011 11:17 AM'
feb 27, 2015 10:02:54 AM com.sun.jersey.server.impl.application.WebApplicationImpl _initiate
INFORMAZIONI: Initiating Jersey application, version 'Jersey: 1.9 09/02/2011 11:17 AM'
feb 27, 2015 10:02:55 AM com.sun.jersey.server.impl.application.WebApplicationImpl _initiate
INFORMAZIONI: Initiating Jersey application, version 'Jersey: 1.9 09/02/2011 11:17 AM'
feb 27, 2015 10:02:55 AM com.sun.jersey.server.impl.application.WebApplicationImpl _initiate
INFORMAZIONI: Initiating Jersey application, version 'Jersey: 1.9 09/02/2011 11:17 AM'
feb 27, 2015 10:40:13 AM com.sun.jersey.server.impl.application.WebApplicationImpl _initiate
INFORMAZIONI: Initiating Jersey application, version 'Jersey: 1.9 09/02/2011 11:17 AM'
feb 27, 2015 10:40:13 AM com.sun.jersey.server.impl.application.WebApplicationImpl _initiate
INFORMAZIONI: Initiating Jersey application, version 'Jersey: 1.9 09/02/2011 11:17 AM'
feb 27, 2015 10:40:14 AM com.sun.jersey.server.impl.application.WebApplicationImpl _initiate
INFORMAZIONI: Initiating Jersey application, version 'Jersey: 1.9 09/02/2011 11:17 AM'
mar 02, 2015 9:55:30 AM com.sun.jersey.server.impl.application.WebApplicationImpl _initiate
INFORMAZIONI: Initiating Jersey application, version 'Jersey: 1.9 09/02/2011 11:17 AM'
mar 02, 2015 9:55:31 AM com.sun.jersey.server.impl.application.WebApplicationImpl _initiate
INFORMAZIONI: Initiating Jersey application, version 'Jersey: 1.9 09/02/2011 11:17 AM'
mar 02, 2015 9:55:31 AM com.sun.jersey.server.impl.application.WebApplicationImpl _initiate
INFORMAZIONI: Initiating Jersey application, version 'Jersey: 1.9 09/02/2011 11:17 AM'
